<?xml version="1.0" encoding="UTF-8"?>
<!-- Generated by org.testng.reporters.JUnitXMLReporter -->
<testsuite ignored="0" hostname="notebook" failures="0" tests="3" name="Default test" time="53.529" errors="0" timestamp="2021-03-04T19:15:25 IST">
  <testcase classname="com.qa.tests.GoogleTest" name="openGoogleHomePage" time="0.008"/>
  <testcase classname="com.qa.tests.GoogleTest" name="search" time="9.657"/>
  <testcase classname="com.qa.tests.GoogleTest" name="openFirstResult" time="2.901"/>
</testsuite> <!-- Default test -->
