<?xml version="1.0" encoding="UTF-8"?>
<testng-results ignored="0" total="3" passed="3" failed="0" skipped="0">
  <reporter-output>
  </reporter-output>
  <suite started-at="2021-03-04T19:14:31 IST" name="Default suite" finished-at="2021-03-04T19:15:24 IST" duration-ms="53529">
    <groups>
    </groups>
    <test started-at="2021-03-04T19:14:31 IST" name="Default test" finished-at="2021-03-04T19:15:24 IST" duration-ms="53529">
      <class name="com.qa.tests.GoogleTest">
        <test-method is-config="true" signature="setup()[pri:0, instance:com.qa.tests.GoogleTest@62e7f11d]" started-at="2021-03-04T19:14:31 IST" name="setup" finished-at="2021-03-04T19:15:10 IST" duration-ms="39239" status="PASS">
          <reporter-output>
          </reporter-output>
        </test-method> <!-- setup -->
        <test-method signature="openGoogleHomePage()[pri:1, instance:com.qa.tests.GoogleTest@62e7f11d]" started-at="2021-03-04T19:15:10 IST" name="openGoogleHomePage" description="Google Home Page should dispaly" finished-at="2021-03-04T19:15:10 IST" duration-ms="8" status="PASS">
          <reporter-output>
          </reporter-output>
        </test-method> <!-- openGoogleHomePage -->
        <test-method signature="search()[pri:2, instance:com.qa.tests.GoogleTest@62e7f11d]" started-at="2021-03-04T19:15:10 IST" name="search" description="Search Result should display" finished-at="2021-03-04T19:15:20 IST" duration-ms="9657" status="PASS">
          <reporter-output>
          </reporter-output>
        </test-method> <!-- search -->
        <test-method signature="openFirstResult()[pri:3, instance:com.qa.tests.GoogleTest@62e7f11d]" started-at="2021-03-04T19:15:20 IST" name="openFirstResult" description="First link should be open" finished-at="2021-03-04T19:15:23 IST" duration-ms="2901" status="PASS">
          <reporter-output>
          </reporter-output>
        </test-method> <!-- openFirstResult -->
        <test-method is-config="true" signature="teardown()[pri:0, instance:com.qa.tests.GoogleTest@62e7f11d]" started-at="2021-03-04T19:15:23 IST" name="teardown" finished-at="2021-03-04T19:15:24 IST" duration-ms="878" status="PASS">
          <reporter-output>
          </reporter-output>
        </test-method> <!-- teardown -->
      </class> <!-- com.qa.tests.GoogleTest -->
    </test> <!-- Default test -->
  </suite> <!-- Default suite -->
</testng-results>
